Started GET "/" for 127.0.0.1 at 2018-02-01 22:18:04 +0700
Processing by Rails::WelcomeController#index as HTML
  Rendering /home/vt1995/.rvm/gems/ruby-2.4.1/gems/railties-5.1.4/lib/rails/templates/rails/welcome/index.html.erb
  Rendered /home/vt1995/.rvm/gems/ruby-2.4.1/gems/railties-5.1.4/lib/rails/templates/rails/welcome/index.html.erb (4.7ms)
Completed 200 OK in 257ms (Views: 39.7ms)


Started GET "/static_pages/home" for 127.0.0.1 at 2018-02-01 22:19:50 +0700
Processing by StaticPagesController#home as HTML
  Rendering static_pages/home.html.erb within layouts/application
  Rendered static_pages/home.html.erb within layouts/application (0.9ms)
Completed 200 OK in 1516ms (Views: 1348.0ms)


  [1m[35m (0.1ms)[0m  [1m[34mSELECT sqlite_version(*)[0m
  [1m[35m (196.1ms)[0m  [1m[35mCREATE TABLE "schema_migrations" ("version" varchar NOT NULL PRIMARY KEY)[0m
  [1m[35m (116.0ms)[0m  [1m[35mCREATE TABLE "ar_internal_metadata" ("key" varchar NOT NULL PRIMARY KEY, "value" varchar, "created_at" datetime NOT NULL, "updated_at" datetime NOT NULL)[0m
  [1m[36mActiveRecord::InternalMetadata Load (0.3ms)[0m  [1m[34mSELECT  "ar_internal_metadata".* FROM "ar_internal_metadata" WHERE "ar_internal_metadata"."key" = ? LIMIT ?[0m  [["key", "environment"], ["LIMIT", 1]]
  [1m[35m (0.1ms)[0m  [1m[36mbegin transaction[0m
  [1m[35mSQL (0.8ms)[0m  [1m[32mINSERT INTO "ar_internal_metadata" ("key", "value", "created_at", "updated_at") VALUES (?, ?, ?, ?)[0m  [["key", "environment"], ["value", "development"], ["created_at", "2018-02-01 15:21:45.008738"], ["updated_at", "2018-02-01 15:21:45.008738"]]
  [1m[35m (102.9ms)[0m  [1m[36mcommit transaction[0m
  [1m[35m (0.1ms)[0m  [1m[34mSELECT "schema_migrations"."version" FROM "schema_migrations" ORDER BY "schema_migrations"."version" ASC[0m
  [1m[36mActiveRecord::InternalMetadata Load (0.2ms)[0m  [1m[34mSELECT  "ar_internal_metadata".* FROM "ar_internal_metadata" WHERE "ar_internal_metadata"."key" = ? LIMIT ?[0m  [["key", "environment"], ["LIMIT", 1]]
  [1m[35m (0.1ms)[0m  [1m[36mbegin transaction[0m
  [1m[35m (0.2ms)[0m  [1m[36mcommit transaction[0m
  [1m[35m (0.1ms)[0m  [1m[34mSELECT "schema_migrations"."version" FROM "schema_migrations" ORDER BY "schema_migrations"."version" ASC[0m
Started GET "/" for 127.0.0.1 at 2018-02-01 22:33:07 +0700
Processing by Rails::WelcomeController#index as HTML
  Rendering /home/vt1995/.rvm/gems/ruby-2.4.1/gems/railties-5.1.4/lib/rails/templates/rails/welcome/index.html.erb
  Rendered /home/vt1995/.rvm/gems/ruby-2.4.1/gems/railties-5.1.4/lib/rails/templates/rails/welcome/index.html.erb (3.7ms)
Completed 200 OK in 186ms (Views: 8.4ms)


Started GET "/static_pages/help" for 127.0.0.1 at 2018-02-01 22:33:11 +0700
Processing by StaticPagesController#help as HTML
  Rendering static_pages/help.html.erb within layouts/application
  Rendered static_pages/help.html.erb within layouts/application (0.9ms)
Completed 200 OK in 296ms (Views: 294.5ms)


Started GET "/static_pages/home" for 127.0.0.1 at 2018-02-01 22:33:15 +0700
Processing by StaticPagesController#home as HTML
  Rendering static_pages/home.html.erb within layouts/application
  Rendered static_pages/home.html.erb within layouts/application (0.5ms)
Completed 200 OK in 24ms (Views: 22.4ms)


Started GET "/" for 127.0.0.1 at 2018-02-01 22:57:10 +0700
Processing by Rails::WelcomeController#index as HTML
  Rendering /home/vt1995/.rvm/gems/ruby-2.4.1/gems/railties-5.1.4/lib/rails/templates/rails/welcome/index.html.erb
  Rendered /home/vt1995/.rvm/gems/ruby-2.4.1/gems/railties-5.1.4/lib/rails/templates/rails/welcome/index.html.erb (3.6ms)
Completed 200 OK in 183ms (Views: 7.6ms)


Started GET "/static_pages/help" for 127.0.0.1 at 2018-02-01 22:57:20 +0700
Processing by StaticPagesController#help as HTML
  Rendering static_pages/help.html.erb within layouts/application
  Rendered static_pages/help.html.erb within layouts/application (0.7ms)
Completed 200 OK in 283ms (Views: 282.1ms)


Started GET "/" for 127.0.0.1 at 2018-02-01 23:01:07 +0700
Processing by Rails::WelcomeController#index as HTML
  Rendering /home/vt1995/.rvm/gems/ruby-2.4.1/gems/railties-5.1.4/lib/rails/templates/rails/welcome/index.html.erb
  Rendered /home/vt1995/.rvm/gems/ruby-2.4.1/gems/railties-5.1.4/lib/rails/templates/rails/welcome/index.html.erb (2.4ms)
Completed 200 OK in 6ms (Views: 3.6ms)


Started GET "/" for 127.0.0.1 at 2018-02-01 23:03:57 +0700
Processing by StaticPagesController#home as HTML
  Rendering static_pages/home.html.erb within layouts/application
  Rendered static_pages/home.html.erb within layouts/application (1.0ms)
Completed 200 OK in 593ms (Views: 291.6ms)


Started GET "/vi" for 127.0.0.1 at 2018-02-01 23:04:00 +0700
Processing by StaticPagesController#home as HTML
  Parameters: {"locale"=>"vi"}
  Rendering static_pages/home.html.erb within layouts/application
  Rendered static_pages/home.html.erb within layouts/application (0.4ms)
Completed 200 OK in 45ms (Views: 41.9ms)


Started GET "/en" for 127.0.0.1 at 2018-02-01 23:04:01 +0700
Processing by StaticPagesController#home as HTML
  Parameters: {"locale"=>"en"}
  Rendering static_pages/home.html.erb within layouts/application
  Rendered static_pages/home.html.erb within layouts/application (0.7ms)
Completed 200 OK in 38ms (Views: 35.5ms)


Started GET "/en" for 127.0.0.1 at 2018-02-01 23:04:01 +0700
Processing by StaticPagesController#home as HTML
  Parameters: {"locale"=>"en"}
  Rendering static_pages/home.html.erb within layouts/application
  Rendered static_pages/home.html.erb within layouts/application (0.6ms)
Completed 200 OK in 31ms (Views: 29.5ms)


Started GET "/vi" for 127.0.0.1 at 2018-02-01 23:04:02 +0700
Processing by StaticPagesController#home as HTML
  Parameters: {"locale"=>"vi"}
  Rendering static_pages/home.html.erb within layouts/application
  Rendered static_pages/home.html.erb within layouts/application (0.5ms)
Started GET "/vi" for 127.0.0.1 at 2018-02-01 23:04:02 +0700
Processing by StaticPagesController#home as HTML
  Parameters: {"locale"=>"vi"}
  Rendering static_pages/home.html.erb within layouts/application
  Rendered static_pages/home.html.erb within layouts/application (0.5ms)
Completed 200 OK in 61ms (Views: 59.9ms)


Completed 200 OK in 41ms (Views: 38.1ms)


Started GET "/vi/static_pages/contact" for 127.0.0.1 at 2018-02-01 23:04:13 +0700
Processing by StaticPagesController#contact as HTML
  Parameters: {"locale"=>"vi"}
  Rendering static_pages/contact.html.erb within layouts/application
  Rendered static_pages/contact.html.erb within layouts/application (0.4ms)
Completed 200 OK in 20ms (Views: 18.8ms)


Started GET "/vi/static_pages/help" for 127.0.0.1 at 2018-02-01 23:04:18 +0700
Processing by StaticPagesController#help as HTML
  Parameters: {"locale"=>"vi"}
  Rendering static_pages/help.html.erb within layouts/application
  Rendered static_pages/help.html.erb within layouts/application (0.4ms)
Completed 200 OK in 22ms (Views: 21.1ms)


Started GET "/" for 127.0.0.1 at 2018-02-01 23:06:01 +0700
Processing by StaticPagesController#home as HTML
  Rendering static_pages/home.html.erb within layouts/application
  Rendered static_pages/home.html.erb within layouts/application (1.1ms)
Completed 200 OK in 27ms (Views: 25.4ms)


Started GET "/en" for 127.0.0.1 at 2018-02-01 23:06:03 +0700
Processing by StaticPagesController#home as HTML
  Parameters: {"locale"=>"en"}
  Rendering static_pages/home.html.erb within layouts/application
  Rendered static_pages/home.html.erb within layouts/application (1.3ms)
Completed 200 OK in 39ms (Views: 37.1ms)


Started GET "/vi" for 127.0.0.1 at 2018-02-01 23:06:04 +0700
Processing by StaticPagesController#home as HTML
  Parameters: {"locale"=>"vi"}
  Rendering static_pages/home.html.erb within layouts/application
  Rendered static_pages/home.html.erb within layouts/application (0.9ms)
Completed 200 OK in 35ms (Views: 33.9ms)


Started GET "/vi/static_pages/contact" for 127.0.0.1 at 2018-02-01 23:06:08 +0700
Processing by StaticPagesController#contact as HTML
  Parameters: {"locale"=>"vi"}
  Rendering static_pages/contact.html.erb within layouts/application
  Rendered static_pages/contact.html.erb within layouts/application (0.7ms)
Completed 200 OK in 26ms (Views: 24.9ms)


Started GET "/en/static_pages/contact" for 127.0.0.1 at 2018-02-01 23:06:10 +0700
Processing by StaticPagesController#contact as HTML
  Parameters: {"locale"=>"en"}
  Rendering static_pages/contact.html.erb within layouts/application
  Rendered static_pages/contact.html.erb within layouts/application (0.8ms)
Completed 200 OK in 54ms (Views: 51.3ms)


Started GET "/vi/static_pages/contact" for 127.0.0.1 at 2018-02-01 23:06:10 +0700
Processing by StaticPagesController#contact as HTML
  Parameters: {"locale"=>"vi"}
  Rendering static_pages/contact.html.erb within layouts/application
  Rendered static_pages/contact.html.erb within layouts/application (1.1ms)
Completed 200 OK in 39ms (Views: 37.5ms)


Started GET "/vi/static_pages/help" for 127.0.0.1 at 2018-02-01 23:06:15 +0700
Processing by StaticPagesController#help as HTML
  Parameters: {"locale"=>"vi"}
  Rendering static_pages/help.html.erb within layouts/application
  Rendered static_pages/help.html.erb within layouts/application (1.1ms)
Completed 200 OK in 30ms (Views: 28.8ms)


Started GET "/vi/static_pages/help" for 127.0.0.1 at 2018-02-01 23:06:17 +0700
Processing by StaticPagesController#help as HTML
  Parameters: {"locale"=>"vi"}
  Rendering static_pages/help.html.erb within layouts/application
  Rendered static_pages/help.html.erb within layouts/application (1.1ms)
Completed 200 OK in 36ms (Views: 34.6ms)


Started GET "/en/static_pages/help" for 127.0.0.1 at 2018-02-01 23:06:18 +0700
Processing by StaticPagesController#help as HTML
  Parameters: {"locale"=>"en"}
  Rendering static_pages/help.html.erb within layouts/application
  Rendered static_pages/help.html.erb within layouts/application (0.9ms)
Completed 200 OK in 25ms (Views: 23.6ms)


Started GET "/en/static_pages/about" for 127.0.0.1 at 2018-02-01 23:06:27 +0700
Processing by StaticPagesController#about as HTML
  Parameters: {"locale"=>"en"}
  Rendering static_pages/about.html.erb within layouts/application
  Rendered static_pages/about.html.erb within layouts/application (1.5ms)
Completed 200 OK in 29ms (Views: 26.5ms)


Started GET "/vi/static_pages/about" for 127.0.0.1 at 2018-02-01 23:06:29 +0700
Processing by StaticPagesController#about as HTML
  Parameters: {"locale"=>"vi"}
  Rendering static_pages/about.html.erb within layouts/application
  Rendered static_pages/about.html.erb within layouts/application (1.9ms)
Completed 200 OK in 36ms (Views: 34.3ms)


Started GET "/vi/static_pages/home" for 127.0.0.1 at 2018-02-01 23:06:33 +0700
Processing by StaticPagesController#home as HTML
  Parameters: {"locale"=>"vi"}
  Rendering static_pages/home.html.erb within layouts/application
  Rendered static_pages/home.html.erb within layouts/application (0.9ms)
Completed 200 OK in 41ms (Views: 38.8ms)


Started GET "/vi" for 127.0.0.1 at 2018-02-01 23:06:34 +0700
Processing by StaticPagesController#home as HTML
  Parameters: {"locale"=>"vi"}
  Rendering static_pages/home.html.erb within layouts/application
  Rendered static_pages/home.html.erb within layouts/application (2.0ms)
Completed 200 OK in 43ms (Views: 41.4ms)


Started GET "/en" for 127.0.0.1 at 2018-02-01 23:06:35 +0700
Processing by StaticPagesController#home as HTML
  Parameters: {"locale"=>"en"}
  Rendering static_pages/home.html.erb within layouts/application
  Rendered static_pages/home.html.erb within layouts/application (1.7ms)
Completed 200 OK in 38ms (Views: 35.5ms)


Started GET "/en" for 127.0.0.1 at 2018-02-01 23:09:35 +0700
Processing by StaticPagesController#home as HTML
  Parameters: {"locale"=>"en"}
  Rendering static_pages/home.html.erb within layouts/application
  Rendered static_pages/home.html.erb within layouts/application (2.2ms)
Completed 200 OK in 483ms (Views: 294.9ms)


Started GET "/en" for 127.0.0.1 at 2018-02-01 23:10:37 +0700
Processing by StaticPagesController#home as HTML
  Parameters: {"locale"=>"en"}
  Rendering static_pages/home.html.erb within layouts/application
  Rendered static_pages/home.html.erb within layouts/application (1.2ms)
Completed 200 OK in 44ms (Views: 33.2ms)


Started GET "/" for 127.0.0.1 at 2018-02-01 23:36:58 +0700
Processing by StaticPagesController#home as HTML
  Rendering static_pages/home.html.erb within layouts/application
  Rendered static_pages/home.html.erb within layouts/application (1.5ms)
Completed 200 OK in 1065ms (Views: 883.4ms)


Started GET "/vi" for 127.0.0.1 at 2018-02-01 23:37:04 +0700
Processing by StaticPagesController#home as HTML
  Parameters: {"locale"=>"vi"}
  Rendering static_pages/home.html.erb within layouts/application
  Rendered static_pages/home.html.erb within layouts/application (1.3ms)
Completed 200 OK in 42ms (Views: 40.7ms)


Started GET "/en" for 127.0.0.1 at 2018-02-01 23:37:05 +0700
Processing by StaticPagesController#home as HTML
  Parameters: {"locale"=>"en"}
  Rendering static_pages/home.html.erb within layouts/application
  Rendered static_pages/home.html.erb within layouts/application (0.8ms)
Completed 200 OK in 32ms (Views: 31.1ms)


Started GET "/vi" for 127.0.0.1 at 2018-02-01 23:37:06 +0700
Processing by StaticPagesController#home as HTML
  Parameters: {"locale"=>"vi"}
  Rendering static_pages/home.html.erb within layouts/application
  Rendered static_pages/home.html.erb within layouts/application (1.3ms)
Completed 200 OK in 33ms (Views: 31.7ms)


Started GET "/vi" for 127.0.0.1 at 2018-02-01 23:39:57 +0700
Processing by StaticPagesController#home as HTML
  Parameters: {"locale"=>"vi"}
  Rendering static_pages/home.html.erb within layouts/application
  Rendered static_pages/home.html.erb within layouts/application (1.4ms)
Completed 200 OK in 19ms (Views: 17.7ms)


Started GET "/vi" for 127.0.0.1 at 2018-02-01 23:41:55 +0700
Processing by StaticPagesController#home as HTML
  Parameters: {"locale"=>"vi"}
  Rendering static_pages/home.html.erb within layouts/application
  Rendered static_pages/home.html.erb within layouts/application (0.8ms)
Completed 500 Internal Server Error in 4ms



SyntaxError - syntax error, unexpected ':', expecting keyword_end
ew::OutputBuffer.new; provide: t".title" ;@output_buffer.saf
                              ^
/home/vt1995/Desktop/chap3/init-project/app/views/static_pages/home.html.erb:1: syntax error, unexpected ':', expecting keyword_end
fe_append=' '.freeze; provide: t".title2" ;@output_buffer.sa
                              ^:
  app/views/static_pages/home.html.erb:1:in `'

Started POST "/__better_errors/ac48b76a3dcc3c6b/variables" for 127.0.0.1 at 2018-02-01 23:41:56 +0700
Started GET "/vi" for 127.0.0.1 at 2018-02-01 23:43:07 +0700
Processing by StaticPagesController#home as HTML
  Parameters: {"locale"=>"vi"}
  Rendering static_pages/home.html.erb within layouts/application
  Rendered static_pages/home.html.erb within layouts/application (1.4ms)
Completed 200 OK in 23ms (Views: 21.4ms)


Started GET "/vi/static_pages/contact" for 127.0.0.1 at 2018-02-01 23:43:17 +0700
Processing by StaticPagesController#contact as HTML
  Parameters: {"locale"=>"vi"}
  Rendering static_pages/contact.html.erb within layouts/application
  Rendered static_pages/contact.html.erb within layouts/application (0.9ms)
Completed 200 OK in 22ms (Views: 20.5ms)


Started GET "/vi/static_pages/contact" for 127.0.0.1 at 2018-02-01 23:45:28 +0700
Processing by StaticPagesController#contact as HTML
  Parameters: {"locale"=>"vi"}
Completed 500 Internal Server Error in 10ms



Psych::SyntaxError - (/home/vt1995/Desktop/chap3/init-project/config/locales/vi.yml): did not find expected key while parsing a block mapping at line 11 column 7:
  app/controllers/application_controller.rb:6:in `set_locale'

Started POST "/__better_errors/206e837777287167/variables" for 127.0.0.1 at 2018-02-01 23:45:29 +0700
Started GET "/vi/static_pages/contact" for 127.0.0.1 at 2018-02-01 23:46:03 +0700
Processing by StaticPagesController#contact as HTML
  Parameters: {"locale"=>"vi"}
Completed 500 Internal Server Error in 9ms



Psych::SyntaxError - (/home/vt1995/Desktop/chap3/init-project/config/locales/vi.yml): did not find expected key while parsing a block mapping at line 11 column 7:
  app/controllers/application_controller.rb:6:in `set_locale'

Started POST "/__better_errors/44cce066aa4daecc/variables" for 127.0.0.1 at 2018-02-01 23:46:04 +0700
Started GET "/vi/static_pages/home" for 127.0.0.1 at 2018-02-01 23:46:38 +0700
Processing by StaticPagesController#home as HTML
  Parameters: {"locale"=>"vi"}
Completed 500 Internal Server Error in 9ms



Psych::SyntaxError - (/home/vt1995/Desktop/chap3/init-project/config/locales/vi.yml): did not find expected key while parsing a block mapping at line 11 column 7:
  app/controllers/application_controller.rb:6:in `set_locale'

Started POST "/__better_errors/78404c5ead166a7e/variables" for 127.0.0.1 at 2018-02-01 23:46:38 +0700
Started GET "/vi/home" for 127.0.0.1 at 2018-02-01 23:46:46 +0700
  
ActionController::RoutingError (No route matches [GET] "/vi/home"):
  
actionpack (5.1.4) lib/action_dispatch/middleware/debug_exceptions.rb:63:in `call'
web-console (3.5.1) lib/web_console/middleware.rb:135:in `call_app'
web-console (3.5.1) lib/web_console/middleware.rb:28:in `block in call'
web-console (3.5.1) lib/web_console/middleware.rb:18:in `catch'
web-console (3.5.1) lib/web_console/middleware.rb:18:in `call'
actionpack (5.1.4) lib/action_dispatch/middleware/show_exceptions.rb:31:in `call'
railties (5.1.4) lib/rails/rack/logger.rb:36:in `call_app'
railties (5.1.4) lib/rails/rack/logger.rb:24:in `block in call'
activesupport (5.1.4) lib/active_support/tagged_logging.rb:69:in `block in tagged'
activesupport (5.1.4) lib/active_support/tagged_logging.rb:26:in `tagged'
activesupport (5.1.4) lib/active_support/tagged_logging.rb:69:in `tagged'
railties (5.1.4) lib/rails/rack/logger.rb:24:in `call'
sprockets-rails (3.2.1) lib/sprockets/rails/quiet_assets.rb:13:in `call'
actionpack (5.1.4) lib/action_dispatch/middleware/remote_ip.rb:79:in `call'
actionpack (5.1.4) lib/action_dispatch/middleware/request_id.rb:25:in `call'
rack (2.0.4) lib/rack/method_override.rb:22:in `call'
rack (2.0.4) lib/rack/runtime.rb:22:in `call'
activesupport (5.1.4) lib/active_support/cache/strategy/local_cache_middleware.rb:27:in `call'
actionpack (5.1.4) lib/action_dispatch/middleware/executor.rb:12:in `call'
actionpack (5.1.4) lib/action_dispatch/middleware/static.rb:125:in `call'
rack (2.0.4) lib/rack/sendfile.rb:111:in `call'
railties (5.1.4) lib/rails/engine.rb:522:in `call'
puma (3.11.2) lib/puma/configuration.rb:225:in `call'
puma (3.11.2) lib/puma/server.rb:624:in `handle_request'
puma (3.11.2) lib/puma/server.rb:438:in `process_client'
puma (3.11.2) lib/puma/server.rb:302:in `block in run'
puma (3.11.2) lib/puma/thread_pool.rb:120:in `block in spawn_thread'
Started POST "/__better_errors/78404c5ead166a7e/variables" for 127.0.0.1 at 2018-02-01 23:47:25 +0700
Started GET "/vi/static_pages/home" for 127.0.0.1 at 2018-02-01 23:47:26 +0700
Processing by StaticPagesController#home as HTML
  Parameters: {"locale"=>"vi"}
Completed 500 Internal Server Error in 10ms



Psych::SyntaxError - (/home/vt1995/Desktop/chap3/init-project/config/locales/vi.yml): did not find expected key while parsing a block mapping at line 11 column 7:
  app/controllers/application_controller.rb:6:in `set_locale'

Started POST "/__better_errors/d5a296f90aaf06fb/variables" for 127.0.0.1 at 2018-02-01 23:47:26 +0700
Started GET "/vi/static_pages/home" for 127.0.0.1 at 2018-02-01 23:48:08 +0700
Processing by StaticPagesController#home as HTML
  Parameters: {"locale"=>"vi"}
Completed 500 Internal Server Error in 9ms



Psych::SyntaxError - (/home/vt1995/Desktop/chap3/init-project/config/locales/vi.yml): did not find expected key while parsing a block mapping at line 11 column 7:
  app/controllers/application_controller.rb:6:in `set_locale'

Started POST "/__better_errors/34cedfdc16e65ce1/variables" for 127.0.0.1 at 2018-02-01 23:48:09 +0700
Started GET "/vi/static_pages/home" for 127.0.0.1 at 2018-02-01 23:48:51 +0700
Processing by StaticPagesController#home as HTML
  Parameters: {"locale"=>"vi"}
Completed 500 Internal Server Error in 7ms



Psych::SyntaxError - (/home/vt1995/Desktop/chap3/init-project/config/locales/vi.yml): did not find expected key while parsing a block mapping at line 10 column 7:
  app/controllers/application_controller.rb:6:in `set_locale'

Started POST "/__better_errors/e9b6afefb16954cc/variables" for 127.0.0.1 at 2018-02-01 23:48:52 +0700
Started GET "/vi/static_pages/home" for 127.0.0.1 at 2018-02-01 23:49:15 +0700
Processing by StaticPagesController#home as HTML
  Parameters: {"locale"=>"vi"}
Completed 500 Internal Server Error in 9ms



Psych::SyntaxError - (/home/vt1995/Desktop/chap3/init-project/config/locales/vi.yml): did not find expected key while parsing a block mapping at line 17 column 7:
  app/controllers/application_controller.rb:6:in `set_locale'

Started POST "/__better_errors/f73ee3cff2c7b0b4/variables" for 127.0.0.1 at 2018-02-01 23:49:16 +0700
Started GET "/vi/static_pages/home" for 127.0.0.1 at 2018-02-01 23:49:42 +0700
Processing by StaticPagesController#home as HTML
  Parameters: {"locale"=>"vi"}
  Rendering static_pages/home.html.erb within layouts/application
  Rendered static_pages/home.html.erb within layouts/application (1.2ms)
Completed 200 OK in 31ms (Views: 23.8ms)


Started GET "/vi/static_pages/home" for 127.0.0.1 at 2018-02-01 23:51:20 +0700
Processing by StaticPagesController#home as HTML
  Parameters: {"locale"=>"vi"}
  Rendering static_pages/home.html.erb within layouts/application
  Rendered static_pages/home.html.erb within layouts/application (1.3ms)
Completed 500 Internal Server Error in 17ms



SyntaxError - syntax error, unexpected tSTRING_BEG, expecting keyword_do or '{' or '('
tBuffer.new; provide:title, t".title" ;@output_buffer.safe_a
                              ^
/home/vt1995/Desktop/chap3/init-project/app/views/static_pages/home.html.erb:1: syntax error, unexpected tSTRING_BEG, expecting keyword_do or '{' or '('
' '.freeze; provide:title2, t".title2" ;@output_buffer.safe_
                              ^:
  app/views/static_pages/home.html.erb:1:in `'

Started POST "/__better_errors/ee36863ca0e37a06/variables" for 127.0.0.1 at 2018-02-01 23:51:21 +0700
Started GET "/?locale=vi" for 127.0.0.1 at 2018-02-03 00:12:04 +0700
Processing by Rails::WelcomeController#index as HTML
  Parameters: {"locale"=>"vi"}
  Rendering /home/vt1995/.rvm/gems/ruby-2.4.1/gems/railties-5.1.4/lib/rails/templates/rails/welcome/index.html.erb
  Rendered /home/vt1995/.rvm/gems/ruby-2.4.1/gems/railties-5.1.4/lib/rails/templates/rails/welcome/index.html.erb (4.4ms)
Completed 200 OK in 266ms (Views: 44.1ms)


Started GET "/static_pages/home" for 127.0.0.1 at 2018-02-03 00:12:09 +0700
Processing by StaticPagesController#home as HTML
  Rendering static_pages/home.html.erb within layouts/application
  Rendered static_pages/home.html.erb within layouts/application (0.5ms)
Completed 200 OK in 463ms (Views: 462.0ms)


Started GET "/?locale=vi" for 127.0.0.1 at 2018-02-03 00:33:22 +0700
Processing by StaticPagesController#home as HTML
  Parameters: {"locale"=>"vi"}
  Rendering static_pages/home.html.erb within layouts/application
  Rendered static_pages/home.html.erb within layouts/application (1.4ms)
Completed 200 OK in 433ms (Views: 236.1ms)


Started GET "/?locale=vi" for 127.0.0.1 at 2018-02-03 00:35:09 +0700
Processing by StaticPagesController#home as HTML
  Parameters: {"locale"=>"vi"}
  Rendering static_pages/home.html.erb within layouts/application
  Rendered static_pages/home.html.erb within layouts/application (0.7ms)
Completed 200 OK in 185ms (Views: 33.7ms)


Started GET "/static_pages/home?locale=vi" for 127.0.0.1 at 2018-02-03 00:35:12 +0700
Processing by StaticPagesController#home as HTML
  Parameters: {"locale"=>"vi"}
  Rendering static_pages/home.html.erb within layouts/application
  Rendered static_pages/home.html.erb within layouts/application (0.7ms)
Completed 200 OK in 44ms (Views: 42.3ms)


Started GET "/static_pages/home?locale=en" for 127.0.0.1 at 2018-02-03 00:35:13 +0700
Processing by StaticPagesController#home as HTML
  Parameters: {"locale"=>"en"}
  Rendering static_pages/home.html.erb within layouts/application
  Rendered static_pages/home.html.erb within layouts/application (0.6ms)
Completed 200 OK in 48ms (Views: 45.4ms)


Started GET "/static_pages/home?locale=vi" for 127.0.0.1 at 2018-02-03 00:35:14 +0700
Processing by StaticPagesController#home as HTML
  Parameters: {"locale"=>"vi"}
  Rendering static_pages/home.html.erb within layouts/application
  Rendered static_pages/home.html.erb within layouts/application (0.5ms)
Completed 200 OK in 49ms (Views: 46.9ms)


Started GET "/static_pages/home?locale=vi" for 127.0.0.1 at 2018-02-03 00:35:18 +0700
Processing by StaticPagesController#home as HTML
  Parameters: {"locale"=>"vi"}
  Rendering static_pages/home.html.erb within layouts/application
  Rendered static_pages/home.html.erb within layouts/application (1.2ms)
Completed 200 OK in 40ms (Views: 37.8ms)


Started GET "/static_pages/home?locale=en" for 127.0.0.1 at 2018-02-03 00:35:18 +0700
Processing by StaticPagesController#home as HTML
  Parameters: {"locale"=>"en"}
  Rendering static_pages/home.html.erb within layouts/application
  Rendered static_pages/home.html.erb within layouts/application (1.1ms)
Completed 200 OK in 53ms (Views: 51.4ms)


Started GET "/static_pages/home?locale=vi" for 127.0.0.1 at 2018-02-03 00:35:19 +0700
Processing by StaticPagesController#home as HTML
  Parameters: {"locale"=>"vi"}
  Rendering static_pages/home.html.erb within layouts/application
  Rendered static_pages/home.html.erb within layouts/application (0.5ms)
Completed 200 OK in 31ms (Views: 29.7ms)


Started GET "/static_pages/home?locale=en" for 127.0.0.1 at 2018-02-03 00:35:20 +0700
Processing by StaticPagesController#home as HTML
  Parameters: {"locale"=>"en"}
  Rendering static_pages/home.html.erb within layouts/application
  Rendered static_pages/home.html.erb within layouts/application (0.8ms)
Completed 200 OK in 33ms (Views: 31.5ms)


Started GET "/static_pages/home?locale=en" for 127.0.0.1 at 2018-02-03 00:36:18 +0700
Processing by StaticPagesController#home as HTML
  Parameters: {"locale"=>"en"}
  Rendering static_pages/home.html.erb within layouts/application
  Rendered static_pages/home.html.erb within layouts/application (0.7ms)
Completed 200 OK in 29ms (Views: 27.6ms)


Started GET "/vi/static_pages/home" for 127.0.0.1 at 2018-02-03 00:36:19 +0700
Processing by StaticPagesController#home as HTML
  Parameters: {"locale"=>"vi"}
  Rendering static_pages/home.html.erb within layouts/application
  Rendered static_pages/home.html.erb within layouts/application (0.9ms)
Completed 200 OK in 36ms (Views: 34.3ms)


Started GET "/en/static_pages/home" for 127.0.0.1 at 2018-02-03 00:36:20 +0700
Processing by StaticPagesController#home as HTML
  Parameters: {"locale"=>"en"}
  Rendering static_pages/home.html.erb within layouts/application
  Rendered static_pages/home.html.erb within layouts/application (0.6ms)
Completed 200 OK in 34ms (Views: 32.8ms)


Started GET "/vi/static_pages/home" for 127.0.0.1 at 2018-02-03 00:36:21 +0700
Processing by StaticPagesController#home as HTML
  Parameters: {"locale"=>"vi"}
  Rendering static_pages/home.html.erb within layouts/application
  Rendered static_pages/home.html.erb within layouts/application (0.6ms)
Completed 200 OK in 27ms (Views: 24.8ms)


Started GET "/en/static_pages/home" for 127.0.0.1 at 2018-02-03 00:36:22 +0700
Processing by StaticPagesController#home as HTML
  Parameters: {"locale"=>"en"}
  Rendering static_pages/home.html.erb within layouts/application
  Rendered static_pages/home.html.erb within layouts/application (0.5ms)
Completed 200 OK in 31ms (Views: 28.8ms)


Started GET "/vi/static_pages/home" for 127.0.0.1 at 2018-02-03 00:36:22 +0700
Processing by StaticPagesController#home as HTML
  Parameters: {"locale"=>"vi"}
  Rendering static_pages/home.html.erb within layouts/application
  Rendered static_pages/home.html.erb within layouts/application (0.5ms)
Completed 200 OK in 34ms (Views: 31.8ms)


Started GET "/vi/static_pages/home" for 127.0.0.1 at 2018-02-03 00:38:55 +0700
Processing by StaticPagesController#home as HTML
  Parameters: {"locale"=>"vi"}
  Rendering static_pages/home.html.erb within layouts/application
  Rendered static_pages/home.html.erb within layouts/application (0.6ms)
Completed 200 OK in 30ms (Views: 28.1ms)


Started GET "/vi/static_pages/home" for 127.0.0.1 at 2018-02-03 00:38:56 +0700
Processing by StaticPagesController#home as HTML
  Parameters: {"locale"=>"vi"}
  Rendering static_pages/home.html.erb within layouts/application
  Rendered static_pages/home.html.erb within layouts/application (0.6ms)
Completed 200 OK in 42ms (Views: 40.4ms)


Started GET "/vi/static_pages/home" for 127.0.0.1 at 2018-02-03 00:38:56 +0700
Processing by StaticPagesController#home as HTML
  Parameters: {"locale"=>"vi"}
  Rendering static_pages/home.html.erb within layouts/application
  Rendered static_pages/home.html.erb within layouts/application (0.6ms)
Completed 200 OK in 29ms (Views: 27.8ms)


Started GET "/en/static_pages/home" for 127.0.0.1 at 2018-02-03 00:38:57 +0700
Processing by StaticPagesController#home as HTML
  Parameters: {"locale"=>"en"}
  Rendering static_pages/home.html.erb within layouts/application
  Rendered static_pages/home.html.erb within layouts/application (0.5ms)
Completed 200 OK in 27ms (Views: 25.1ms)


Started GET "/vi/static_pages/home" for 127.0.0.1 at 2018-02-03 00:38:57 +0700
Processing by StaticPagesController#home as HTML
  Parameters: {"locale"=>"vi"}
  Rendering static_pages/home.html.erb within layouts/application
  Rendered static_pages/home.html.erb within layouts/application (0.7ms)
Completed 200 OK in 30ms (Views: 28.3ms)


Started GET "/en/static_pages/home" for 127.0.0.1 at 2018-02-03 00:38:58 +0700
Processing by StaticPagesController#home as HTML
  Parameters: {"locale"=>"en"}
  Rendering static_pages/home.html.erb within layouts/application
  Rendered static_pages/home.html.erb within layouts/application (0.5ms)
Completed 200 OK in 31ms (Views: 29.3ms)


Started GET "/vi/static_pages/home" for 127.0.0.1 at 2018-02-03 00:38:59 +0700
Processing by StaticPagesController#home as HTML
  Parameters: {"locale"=>"vi"}
  Rendering static_pages/home.html.erb within layouts/application
  Rendered static_pages/home.html.erb within layouts/application (0.6ms)
Completed 200 OK in 30ms (Views: 28.5ms)


Started GET "/en/static_pages/home" for 127.0.0.1 at 2018-02-03 00:38:59 +0700
Processing by StaticPagesController#home as HTML
  Parameters: {"locale"=>"en"}
  Rendering static_pages/home.html.erb within layouts/application
  Rendered static_pages/home.html.erb within layouts/application (0.7ms)
Completed 200 OK in 33ms (Views: 31.2ms)


Started GET "/en/static_pages/home" for 127.0.0.1 at 2018-02-03 00:43:05 +0700
Processing by StaticPagesController#home as HTML
  Parameters: {"locale"=>"en"}
  Rendering static_pages/home.html.erb within layouts/application
  Rendered static_pages/home.html.erb within layouts/application (1.2ms)
Completed 200 OK in 25ms (Views: 23.0ms)


Started GET "/vi/static_pages/home" for 127.0.0.1 at 2018-02-03 00:43:07 +0700
Processing by StaticPagesController#home as HTML
  Parameters: {"locale"=>"vi"}
  Rendering static_pages/home.html.erb within layouts/application
  Rendered static_pages/home.html.erb within layouts/application (0.8ms)
Completed 200 OK in 41ms (Views: 39.1ms)


Started GET "/en/static_pages/home" for 127.0.0.1 at 2018-02-03 00:43:08 +0700
Processing by StaticPagesController#home as HTML
  Parameters: {"locale"=>"en"}
  Rendering static_pages/home.html.erb within layouts/application
  Rendered static_pages/home.html.erb within layouts/application (1.3ms)
Completed 200 OK in 33ms (Views: 31.4ms)


Started GET "/vi/static_pages/home" for 127.0.0.1 at 2018-02-03 00:43:09 +0700
Processing by StaticPagesController#home as HTML
  Parameters: {"locale"=>"vi"}
  Rendering static_pages/home.html.erb within layouts/application
  Rendered static_pages/home.html.erb within layouts/application (1.0ms)
Completed 200 OK in 38ms (Views: 36.8ms)


Started GET "/vi/static_pages/help" for 127.0.0.1 at 2018-02-03 00:43:12 +0700
Processing by StaticPagesController#help as HTML
  Parameters: {"locale"=>"vi"}
  Rendering static_pages/help.html.erb within layouts/application
  Rendered static_pages/help.html.erb within layouts/application (2.2ms)
Completed 200 OK in 26ms (Views: 24.8ms)


Started GET "/en/static_pages/help" for 127.0.0.1 at 2018-02-03 00:43:16 +0700
Processing by StaticPagesController#help as HTML
  Parameters: {"locale"=>"en"}
  Rendering static_pages/help.html.erb within layouts/application
  Rendered static_pages/help.html.erb within layouts/application (1.3ms)
Completed 200 OK in 34ms (Views: 31.6ms)


Started GET "/vi/static_pages/help" for 127.0.0.1 at 2018-02-03 00:43:16 +0700
Processing by StaticPagesController#help as HTML
  Parameters: {"locale"=>"vi"}
  Rendering static_pages/help.html.erb within layouts/application
  Rendered static_pages/help.html.erb within layouts/application (1.4ms)
Completed 200 OK in 30ms (Views: 28.3ms)


Started GET "/en/static_pages/help" for 127.0.0.1 at 2018-02-03 00:43:17 +0700
Processing by StaticPagesController#help as HTML
  Parameters: {"locale"=>"en"}
  Rendering static_pages/help.html.erb within layouts/application
  Rendered static_pages/help.html.erb within layouts/application (1.5ms)
Completed 200 OK in 31ms (Views: 28.9ms)


Started GET "/en/static_pages/home" for 127.0.0.1 at 2018-02-03 01:06:28 +0700
Processing by StaticPagesController#home as HTML
  Parameters: {"locale"=>"en"}
  Rendering static_pages/home.html.erb within layouts/application
  Rendered static_pages/home.html.erb within layouts/application (1.6ms)
Completed 500 Internal Server Error in 197ms



SyntaxError - syntax error, unexpected tSTRING_BEG, expecting keyword_do or '{' or '('
Buffer.new; provide :title, t".title" 
                              ^:
  app/views/static_pages/home.html.erb:1:in `'

Started POST "/__better_errors/8ebe91b2e9c48254/variables" for 127.0.0.1 at 2018-02-03 01:06:28 +0700
Started GET "/en/static_pages/home" for 127.0.0.1 at 2018-02-03 01:07:11 +0700
Processing by StaticPagesController#home as HTML
  Parameters: {"locale"=>"en"}
  Rendering static_pages/home.html.erb within layouts/application
  Rendered static_pages/home.html.erb within layouts/application (1.4ms)
Completed 500 Internal Server Error in 30ms



SyntaxError - syntax error, unexpected tSTRING_BEG, expecting keyword_end
ew; provide :title, "t".title"" 
                              ^:
  app/views/static_pages/home.html.erb:1:in `'

Started POST "/__better_errors/bf54119db79c8e47/variables" for 127.0.0.1 at 2018-02-03 01:07:12 +0700
Started GET "/en/static_pages/home" for 127.0.0.1 at 2018-02-03 01:07:35 +0700
Processing by StaticPagesController#home as HTML
  Parameters: {"locale"=>"en"}
  Rendering static_pages/home.html.erb within layouts/application
  Rendered static_pages/home.html.erb within layouts/application (1.3ms)
Completed 500 Internal Server Error in 6ms



SyntaxError - syntax error, unexpected tSTRING_BEG, expecting keyword_end
provide :title, "<%= t".title" ;@output_buffer.safe_append='
                              ^
/home/vt1995/Desktop/chap3i18n/init-project/app/views/static_pages/home.html.erb:1: syntax error, unexpected '>'
utput_buffer.safe_append='" %>
                              ^
/home/vt1995/Desktop/chap3i18n/init-project/app/views/static_pages/home.html.erb:5: end pattern with unmatched parenthesis: /h1>
<p>
  '.freeze;@output_buffer.append=( t".b1" );@output_buffer.safe_append='
  '.freeze;@output_buffer.append=(link_to t(".link1"),"http:/
/home/vt1995/Desktop/chap3i18n/init-project/app/views/static_pages/home.html.erb:6: syntax error, unexpected tSTRING_BEG, expecting keyword_end
@output_buffer.append=( t".b2" );@output_buffer.safe_append=
                              ^
/home/vt1995/Desktop/chap3i18n/init-project/app/views/static_pages/home.html.erb:6: unterminated string meets end of file:
  app/views/static_pages/home.html.erb:1:in `'

Started POST "/__better_errors/3bc9ff474b60524a/variables" for 127.0.0.1 at 2018-02-03 01:07:35 +0700
Started GET "/en/static_pages/home" for 127.0.0.1 at 2018-02-03 01:10:07 +0700
Processing by StaticPagesController#home as HTML
  Parameters: {"locale"=>"en"}
  Rendering static_pages/home.html.erb within layouts/application
  Rendered static_pages/home.html.erb within layouts/application (0.8ms)
Completed 500 Internal Server Error in 7ms



SyntaxError - syntax error, unexpected tSTRING_BEG, expecting keyword_do or '{' or '('
Buffer.new; provide :title, t".b1" 
                              ^:
  app/views/static_pages/home.html.erb:1:in `'

Started POST "/__better_errors/71e7b6022d81cec9/variables" for 127.0.0.1 at 2018-02-03 01:10:07 +0700
Started GET "/en/static_pages/home" for 127.0.0.1 at 2018-02-03 01:10:27 +0700
Processing by StaticPagesController#home as HTML
  Parameters: {"locale"=>"en"}
  Rendering static_pages/home.html.erb within layouts/application
  Rendered static_pages/home.html.erb within layouts/application (2.1ms)
Completed 500 Internal Server Error in 10ms



SyntaxError - syntax error, unexpected tSTRING_BEG, expecting keyword_do or '{' or '('
Buffer.new; provide :title, t".title" 
                              ^:
  app/views/static_pages/home.html.erb:1:in `'

Started POST "/__better_errors/9ab33f269419acf9/variables" for 127.0.0.1 at 2018-02-03 01:10:27 +0700
Started GET "/en/static_pages/home" for 127.0.0.1 at 2018-02-03 01:10:54 +0700
Processing by StaticPagesController#home as HTML
  Parameters: {"locale"=>"en"}
  Rendering static_pages/home.html.erb within layouts/application
  Rendered static_pages/home.html.erb within layouts/application (0.9ms)
Completed 500 Internal Server Error in 6ms



SyntaxError - syntax error, unexpected tSTRING_BEG, expecting keyword_do or '{' or '('
er.append=( provide :title, t".title" );@output_buffer.safe_
                              ^:
  app/views/static_pages/home.html.erb:1:in `'

Started POST "/__better_errors/d0786793f71b84b0/variables" for 127.0.0.1 at 2018-02-03 01:10:54 +0700
Started GET "/en/static_pages/home" for 127.0.0.1 at 2018-02-03 01:11:23 +0700
Processing by StaticPagesController#home as HTML
  Parameters: {"locale"=>"en"}
  Rendering static_pages/home.html.erb within layouts/application
  Rendered static_pages/home.html.erb within layouts/application (2.6ms)
Completed 200 OK in 253ms (Views: 251.4ms)


Started GET "/en/static_pages/home" for 127.0.0.1 at 2018-02-03 01:12:38 +0700
Processing by StaticPagesController#home as HTML
  Parameters: {"locale"=>"en"}
  Rendering static_pages/home.html.erb within layouts/application
  Rendered static_pages/home.html.erb within layouts/application (1.6ms)
Completed 200 OK in 25ms (Views: 23.0ms)


Started GET "/en/static_pages/home" for 127.0.0.1 at 2018-02-03 01:12:39 +0700
Processing by StaticPagesController#home as HTML
  Parameters: {"locale"=>"en"}
  Rendering static_pages/home.html.erb within layouts/application
  Rendered static_pages/home.html.erb within layouts/application (1.5ms)
Completed 200 OK in 33ms (Views: 31.4ms)


Started GET "/en/static_pages/home" for 127.0.0.1 at 2018-02-03 01:12:40 +0700
Processing by StaticPagesController#home as HTML
  Parameters: {"locale"=>"en"}
  Rendering static_pages/home.html.erb within layouts/application
  Rendered static_pages/home.html.erb within layouts/application (0.9ms)
Completed 200 OK in 31ms (Views: 29.5ms)


Started GET "/vi/static_pages/home" for 127.0.0.1 at 2018-02-03 01:12:43 +0700
Processing by StaticPagesController#home as HTML
  Parameters: {"locale"=>"vi"}
  Rendering static_pages/home.html.erb within layouts/application
  Rendered static_pages/home.html.erb within layouts/application (1.3ms)
Completed 200 OK in 48ms (Views: 46.4ms)


Started GET "/en/static_pages/home" for 127.0.0.1 at 2018-02-03 01:12:45 +0700
Processing by StaticPagesController#home as HTML
  Parameters: {"locale"=>"en"}
  Rendering static_pages/home.html.erb within layouts/application
  Rendered static_pages/home.html.erb within layouts/application (0.9ms)
Completed 200 OK in 36ms (Views: 34.5ms)


Started GET "/?locale=vi" for 127.0.0.1 at 2018-02-03 01:39:59 +0700
Processing by StaticPagesController#home as HTML
  Parameters: {"locale"=>"vi"}
  Rendering static_pages/home.html.erb within layouts/application
  Rendered static_pages/home.html.erb within layouts/application (7.9ms)
Completed 500 Internal Server Error in 205ms



NoMethodError - undefined method `has_key?' for "http://www.railstutorial.org/":String:
  app/views/static_pages/home.html.erb:5:in `_app_views_static_pages_home_html_erb___2525088294024703981_33699960'

Started POST "/__better_errors/81f56da69c998fa3/variables" for 127.0.0.1 at 2018-02-03 01:40:00 +0700
Started GET "/?locale=vi" for 127.0.0.1 at 2018-02-03 01:41:13 +0700
Processing by StaticPagesController#home as HTML
  Parameters: {"locale"=>"vi"}
  Rendering static_pages/home.html.erb within layouts/application
  Rendered static_pages/home.html.erb within layouts/application (0.9ms)
Completed 200 OK in 265ms (Views: 263.9ms)


Started GET "/?locale=vi" for 127.0.0.1 at 2018-02-03 01:41:47 +0700
Processing by StaticPagesController#home as HTML
  Parameters: {"locale"=>"vi"}
  Rendering static_pages/home.html.erb within layouts/application
  Rendered static_pages/home.html.erb within layouts/application (0.9ms)
Completed 200 OK in 26ms (Views: 23.6ms)


Started GET "/?locale=vi" for 127.0.0.1 at 2018-02-03 01:43:47 +0700
Processing by StaticPagesController#home as HTML
  Parameters: {"locale"=>"vi"}
  Rendering static_pages/home.html.erb within layouts/application
  Rendered static_pages/home.html.erb within layouts/application (0.9ms)
Completed 200 OK in 25ms (Views: 23.3ms)


Started GET "/?locale=vi" for 127.0.0.1 at 2018-02-03 01:43:49 +0700
Processing by StaticPagesController#home as HTML
  Parameters: {"locale"=>"vi"}
  Rendering static_pages/home.html.erb within layouts/application
  Rendered static_pages/home.html.erb within layouts/application (1.0ms)
Completed 200 OK in 26ms (Views: 24.3ms)


Started GET "/?locale=vi" for 127.0.0.1 at 2018-02-03 01:43:50 +0700
Processing by StaticPagesController#home as HTML
  Parameters: {"locale"=>"vi"}
  Rendering static_pages/home.html.erb within layouts/application
  Rendered static_pages/home.html.erb within layouts/application (1.2ms)
Completed 200 OK in 26ms (Views: 23.8ms)


Started GET "/?locale=vi" for 127.0.0.1 at 2018-02-03 01:43:57 +0700
Processing by StaticPagesController#home as HTML
  Parameters: {"locale"=>"vi"}
  Rendering static_pages/home.html.erb within layouts/application
  Rendered static_pages/home.html.erb within layouts/application (1.6ms)
Completed 200 OK in 30ms (Views: 27.6ms)


Started GET "/vi/static_pages/home" for 127.0.0.1 at 2018-02-03 01:43:59 +0700
Processing by StaticPagesController#home as HTML
  Parameters: {"locale"=>"vi"}
  Rendering static_pages/home.html.erb within layouts/application
  Rendered static_pages/home.html.erb within layouts/application (1.2ms)
Completed 200 OK in 41ms (Views: 39.6ms)


Started GET "/vi/static_pages/home" for 127.0.0.1 at 2018-02-03 01:44:18 +0700
Processing by StaticPagesController#home as HTML
  Parameters: {"locale"=>"vi"}
  Rendering static_pages/home.html.erb within layouts/application
  Rendered static_pages/home.html.erb within layouts/application (1.2ms)
Completed 200 OK in 27ms (Views: 25.8ms)


Started GET "/vi/static_pages/home" for 127.0.0.1 at 2018-02-03 01:44:19 +0700
Processing by StaticPagesController#home as HTML
  Parameters: {"locale"=>"vi"}
  Rendering static_pages/home.html.erb within layouts/application
  Rendered static_pages/home.html.erb within layouts/application (1.4ms)
Completed 200 OK in 48ms (Views: 46.6ms)


Started GET "/en/static_pages/home" for 127.0.0.1 at 2018-02-03 01:44:20 +0700
Processing by StaticPagesController#home as HTML
  Parameters: {"locale"=>"en"}
  Rendering static_pages/home.html.erb within layouts/application
  Rendered static_pages/home.html.erb within layouts/application (1.3ms)
Completed 200 OK in 35ms (Views: 33.9ms)


Started GET "/vi/static_pages/home" for 127.0.0.1 at 2018-02-03 01:44:21 +0700
Processing by StaticPagesController#home as HTML
  Parameters: {"locale"=>"vi"}
  Rendering static_pages/home.html.erb within layouts/application
  Rendered static_pages/home.html.erb within layouts/application (1.3ms)
Completed 200 OK in 36ms (Views: 34.7ms)


Started GET "/vi/static_pages/home" for 127.0.0.1 at 2018-02-03 01:44:55 +0700
Processing by StaticPagesController#home as HTML
  Parameters: {"locale"=>"vi"}
  Rendering static_pages/home.html.erb within layouts/application
  Rendered static_pages/home.html.erb within layouts/application (1.7ms)
Completed 200 OK in 500ms (Views: 310.9ms)


Started GET "/" for 127.0.0.1 at 2018-02-03 20:30:55 +0700
Processing by Rails::WelcomeController#index as HTML
  Rendering /home/vt1995/.rvm/gems/ruby-2.4.1/gems/railties-5.1.4/lib/rails/templates/rails/welcome/index.html.erb
  Rendered /home/vt1995/.rvm/gems/ruby-2.4.1/gems/railties-5.1.4/lib/rails/templates/rails/welcome/index.html.erb (3.2ms)
Completed 200 OK in 239ms (Views: 6.9ms)


Started GET "/" for 127.0.0.1 at 2018-02-03 20:34:15 +0700
Processing by Rails::WelcomeController#index as HTML
  Rendering /home/vt1995/.rvm/gems/ruby-2.4.1/gems/railties-5.1.4/lib/rails/templates/rails/welcome/index.html.erb
  Rendered /home/vt1995/.rvm/gems/ruby-2.4.1/gems/railties-5.1.4/lib/rails/templates/rails/welcome/index.html.erb (3.4ms)
Completed 200 OK in 6ms (Views: 4.7ms)


Started GET "/static_pages/home" for 127.0.0.1 at 2018-02-03 20:34:19 +0700
Processing by StaticPagesController#home as HTML
  Rendering static_pages/home.html.erb within layouts/application
  Rendered static_pages/home.html.erb within layouts/application (1.4ms)
Completed 200 OK in 294ms (Views: 284.6ms)


Started GET "/static_pages/home" for 127.0.0.1 at 2018-02-03 20:34:49 +0700
Processing by StaticPagesController#home as HTML
  Rendering static_pages/home.html.erb within layouts/application
  Rendered static_pages/home.html.erb within layouts/application (1.0ms)
Completed 200 OK in 25ms (Views: 22.6ms)


Started GET "/static_pages/home" for 127.0.0.1 at 2018-02-03 20:35:09 +0700
Processing by StaticPagesController#home as HTML
  Rendering static_pages/home.html.erb within layouts/application
  Rendered static_pages/home.html.erb within layouts/application (0.9ms)
Completed 200 OK in 24ms (Views: 22.1ms)


Started GET "/" for 127.0.0.1 at 2018-02-03 20:35:14 +0700
Processing by Rails::WelcomeController#index as HTML
  Rendering /home/vt1995/.rvm/gems/ruby-2.4.1/gems/railties-5.1.4/lib/rails/templates/rails/welcome/index.html.erb
  Rendered /home/vt1995/.rvm/gems/ruby-2.4.1/gems/railties-5.1.4/lib/rails/templates/rails/welcome/index.html.erb (2.4ms)
Completed 200 OK in 6ms (Views: 3.7ms)


  [1m[36mActiveRecord::InternalMetadata Load (0.3ms)[0m  [1m[34mSELECT  "ar_internal_metadata".* FROM "ar_internal_metadata" WHERE "ar_internal_metadata"."key" = ? LIMIT ?[0m  [["key", "environment"], ["LIMIT", 1]]
  [1m[35m (0.1ms)[0m  [1m[36mbegin transaction[0m
  [1m[35m (0.1ms)[0m  [1m[36mcommit transaction[0m
  [1m[35m (0.1ms)[0m  [1m[34mSELECT "schema_migrations"."version" FROM "schema_migrations" ORDER BY "schema_migrations"."version" ASC[0m
Started GET "/" for 127.0.0.1 at 2018-02-03 20:44:16 +0700
Processing by StaticPagesController#home as HTML
  Rendering static_pages/home.html.erb within layouts/application
  Rendered static_pages/home.html.erb within layouts/application (1.0ms)
Completed 200 OK in 482ms (Views: 298.4ms)


Started GET "/" for 127.0.0.1 at 2018-02-03 20:44:53 +0700
Processing by Rails::WelcomeController#index as HTML
  Rendering /home/vt1995/.rvm/gems/ruby-2.4.1/gems/railties-5.1.4/lib/rails/templates/rails/welcome/index.html.erb
  Rendered /home/vt1995/.rvm/gems/ruby-2.4.1/gems/railties-5.1.4/lib/rails/templates/rails/welcome/index.html.erb (3.0ms)
Completed 200 OK in 185ms (Views: 6.7ms)


Started GET "/" for 127.0.0.1 at 2018-02-03 20:47:45 +0700
Processing by StaticPagesController#home as HTML
  Rendering static_pages/home.html.erb within layouts/application
  Rendered static_pages/home.html.erb within layouts/application (1.0ms)
Completed 200 OK in 479ms (Views: 302.5ms)


Started GET "/" for 127.0.0.1 at 2018-02-03 21:10:59 +0700
Processing by StaticPagesController#home as HTML
  Rendering static_pages/home.html.erb within layouts/application
  Rendered static_pages/home.html.erb within layouts/application (1.8ms)
Completed 200 OK in 590ms (Views: 397.9ms)


Started GET "/en/static_pages/home" for 127.0.0.1 at 2018-02-03 21:11:01 +0700
Processing by StaticPagesController#home as HTML
  Parameters: {"locale"=>"en"}
  Rendering static_pages/home.html.erb within layouts/application
  Rendered static_pages/home.html.erb within layouts/application (1.7ms)
Completed 200 OK in 49ms (Views: 46.2ms)


Started GET "/vi/static_pages/home" for 127.0.0.1 at 2018-02-03 21:11:03 +0700
Processing by StaticPagesController#home as HTML
  Parameters: {"locale"=>"vi"}
  Rendering static_pages/home.html.erb within layouts/application
  Rendered static_pages/home.html.erb within layouts/application (2.0ms)
Completed 200 OK in 39ms (Views: 37.0ms)


Started GET "/" for 127.0.0.1 at 2018-02-05 08:59:32 +0700
Processing by StaticPagesController#home as HTML
  Rendering static_pages/home.html.erb within layouts/application
  Rendered static_pages/home.html.erb within layouts/application (5.2ms)
Completed 200 OK in 878ms (Views: 516.6ms)


Started GET "/static_pages/about" for 127.0.0.1 at 2018-02-05 08:59:43 +0700
Processing by StaticPagesController#about as HTML
  Rendering static_pages/about.html.erb within layouts/application
  Rendered static_pages/about.html.erb within layouts/application (0.9ms)
Completed 500 Internal Server Error in 4ms



SyntaxError - syntax error, unexpected tSTRING_BEG, expecting keyword_do or '{' or '('
Buffer.new; provide :title, t".title2" 
                              ^:
  app/views/static_pages/about.html.erb:1:in `'

Started POST "/__better_errors/8b1553ce74fb8a68/variables" for 127.0.0.1 at 2018-02-05 08:59:44 +0700
Started GET "/static_pages/about" for 127.0.0.1 at 2018-02-05 09:03:27 +0700
Processing by StaticPagesController#about as HTML
  Rendering static_pages/about.html.erb within layouts/application
  Rendered static_pages/about.html.erb within layouts/application (0.9ms)
Completed 500 Internal Server Error in 9ms



SyntaxError - syntax error, unexpected tSTRING_BEG, expecting keyword_do or '{' or '('
Buffer.new; provide :title, t".title2" 
                              ^:
  app/views/static_pages/about.html.erb:1:in `'

Started POST "/__better_errors/c3e85692dcb15c4f/variables" for 127.0.0.1 at 2018-02-05 09:03:28 +0700
Started GET "/static_pages/about" for 127.0.0.1 at 2018-02-05 09:04:09 +0700
Processing by StaticPagesController#about as HTML
  Rendering static_pages/about.html.erb within layouts/application
  Rendered static_pages/about.html.erb within layouts/application (1.6ms)
Completed 200 OK in 21ms (Views: 18.9ms)


Started GET "/static_pages/about" for 127.0.0.1 at 2018-02-05 09:04:29 +0700
Processing by StaticPagesController#about as HTML
  Rendering static_pages/about.html.erb within layouts/application
  Rendered static_pages/about.html.erb within layouts/application (2.5ms)
Completed 200 OK in 38ms (Views: 35.4ms)


Started GET "/static_pages/about" for 127.0.0.1 at 2018-02-05 09:15:30 +0700
Processing by StaticPagesController#about as HTML
  Rendering static_pages/about.html.erb within layouts/application
  Rendered static_pages/about.html.erb within layouts/application (2.5ms)
Completed 200 OK in 43ms (Views: 33.6ms)


Started GET "/static_pages/about" for 127.0.0.1 at 2018-02-05 09:15:32 +0700
Processing by StaticPagesController#about as HTML
  Rendering static_pages/about.html.erb within layouts/application
  Rendered static_pages/about.html.erb within layouts/application (2.2ms)
Completed 200 OK in 33ms (Views: 31.3ms)


Started GET "/static_pages/about" for 127.0.0.1 at 2018-02-05 09:15:40 +0700
Processing by StaticPagesController#about as HTML
  Rendering static_pages/about.html.erb within layouts/application
  Rendered static_pages/about.html.erb within layouts/application (1.8ms)
Completed 200 OK in 31ms (Views: 29.5ms)


Started GET "/static_pages/about" for 127.0.0.1 at 2018-02-05 09:15:53 +0700
Processing by StaticPagesController#about as HTML
  Rendering static_pages/about.html.erb within layouts/application
  Rendered static_pages/about.html.erb within layouts/application (2.3ms)
Completed 500 Internal Server Error in 7ms



SyntaxError - syntax error, unexpected tSTRING_BEG, expecting keyword_do or '{' or '('
Buffer.new; provide :title, t".title" 
                              ^:
  app/views/static_pages/about.html.erb:1:in `'

Started POST "/__better_errors/8376a484dfbe1359/variables" for 127.0.0.1 at 2018-02-05 09:15:53 +0700
Started GET "/static_pages/about" for 127.0.0.1 at 2018-02-05 09:16:36 +0700
Processing by StaticPagesController#about as HTML
  Rendering static_pages/about.html.erb within layouts/application
  Rendered static_pages/about.html.erb within layouts/application (1.2ms)
Completed 200 OK in 19ms (Views: 17.8ms)


Started GET "/en/static_pages/about" for 127.0.0.1 at 2018-02-05 09:16:39 +0700
Processing by StaticPagesController#about as HTML
  Parameters: {"locale"=>"en"}
  Rendering static_pages/about.html.erb within layouts/application
  Rendered static_pages/about.html.erb within layouts/application (2.2ms)
Completed 200 OK in 31ms (Views: 29.5ms)


Started GET "/en/static_pages/about" for 127.0.0.1 at 2018-02-05 09:16:39 +0700
Processing by StaticPagesController#about as HTML
  Parameters: {"locale"=>"en"}
  Rendering static_pages/about.html.erb within layouts/application
  Rendered static_pages/about.html.erb within layouts/application (1.4ms)
Completed 200 OK in 24ms (Views: 22.5ms)


Started GET "/en/static_pages/home" for 127.0.0.1 at 2018-02-05 09:16:42 +0700
Processing by StaticPagesController#home as HTML
  Parameters: {"locale"=>"en"}
  Rendering static_pages/home.html.erb within layouts/application
  Rendered static_pages/home.html.erb within layouts/application (0.8ms)
Completed 200 OK in 20ms (Views: 18.3ms)


Started GET "/vi/static_pages/home" for 127.0.0.1 at 2018-02-05 09:16:44 +0700
Processing by StaticPagesController#home as HTML
  Parameters: {"locale"=>"vi"}
  Rendering static_pages/home.html.erb within layouts/application
  Rendered static_pages/home.html.erb within layouts/application (1.1ms)
Completed 200 OK in 21ms (Views: 19.0ms)


Started GET "/vi/static_pages/home" for 127.0.0.1 at 2018-02-05 09:18:55 +0700
Processing by StaticPagesController#home as HTML
  Parameters: {"locale"=>"vi"}
  Rendering static_pages/home.html.erb within layouts/application
  Rendered static_pages/home.html.erb within layouts/application (1.0ms)
Completed 200 OK in 24ms (Views: 17.6ms)


Started GET "/vi/static_pages/home" for 127.0.0.1 at 2018-02-05 09:19:41 +0700
Processing by StaticPagesController#home as HTML
  Parameters: {"locale"=>"vi"}
  Rendering static_pages/home.html.erb within layouts/application
  Rendered static_pages/home.html.erb within layouts/application (0.8ms)
Completed 200 OK in 19ms (Views: 17.2ms)


Started GET "/vi/static_pages/home" for 127.0.0.1 at 2018-02-05 09:20:29 +0700
Processing by StaticPagesController#home as HTML
  Parameters: {"locale"=>"vi"}
  Rendering static_pages/home.html.erb within layouts/application
  Rendered static_pages/home.html.erb within layouts/application (0.9ms)
Completed 200 OK in 20ms (Views: 18.4ms)


Started GET "/vi/static_pages/home" for 127.0.0.1 at 2018-02-05 09:20:29 +0700
Processing by StaticPagesController#home as HTML
  Parameters: {"locale"=>"vi"}
  Rendering static_pages/home.html.erb within layouts/application
  Rendered static_pages/home.html.erb within layouts/application (2.1ms)
Completed 200 OK in 24ms (Views: 22.3ms)


Started GET "/vi/static_pages/home" for 127.0.0.1 at 2018-02-05 09:20:30 +0700
Processing by StaticPagesController#home as HTML
  Parameters: {"locale"=>"vi"}
  Rendering static_pages/home.html.erb within layouts/application
  Rendered static_pages/home.html.erb within layouts/application (1.0ms)
Completed 200 OK in 21ms (Views: 19.6ms)


Started GET "/vi/static_pages/home" for 127.0.0.1 at 2018-02-05 09:20:35 +0700
Processing by StaticPagesController#home as HTML
  Parameters: {"locale"=>"vi"}
  Rendering static_pages/home.html.erb within layouts/application
  Rendered static_pages/home.html.erb within layouts/application (1.4ms)
Completed 200 OK in 20ms (Views: 18.3ms)


Started GET "/vi/static_pages/home" for 127.0.0.1 at 2018-02-05 09:20:36 +0700
Processing by StaticPagesController#home as HTML
  Parameters: {"locale"=>"vi"}
  Rendering static_pages/home.html.erb within layouts/application
  Rendered static_pages/home.html.erb within layouts/application (0.9ms)
Completed 200 OK in 19ms (Views: 17.7ms)


Started GET "/vi/static_pages/home" for 127.0.0.1 at 2018-02-05 09:21:34 +0700
Processing by StaticPagesController#home as HTML
  Parameters: {"locale"=>"vi"}
  Rendering static_pages/home.html.erb within layouts/application
  Rendered static_pages/home.html.erb within layouts/application (0.9ms)
Completed 200 OK in 35ms (Views: 18.5ms)


Started GET "/vi/static_pages/home" for 127.0.0.1 at 2018-02-05 09:21:35 +0700
Processing by StaticPagesController#home as HTML
  Parameters: {"locale"=>"vi"}
  Rendering static_pages/home.html.erb within layouts/application
  Rendered static_pages/home.html.erb within layouts/application (0.8ms)
Completed 200 OK in 19ms (Views: 18.2ms)


Started GET "/vi/static_pages/home" for 127.0.0.1 at 2018-02-05 09:21:35 +0700
Processing by StaticPagesController#home as HTML
  Parameters: {"locale"=>"vi"}
  Rendering static_pages/home.html.erb within layouts/application
  Rendered static_pages/home.html.erb within layouts/application (0.8ms)
Completed 200 OK in 19ms (Views: 17.9ms)


Started GET "/vi/static_pages/home" for 127.0.0.1 at 2018-02-05 09:21:35 +0700
Processing by StaticPagesController#home as HTML
  Parameters: {"locale"=>"vi"}
  Rendering static_pages/home.html.erb within layouts/application
  Rendered static_pages/home.html.erb within layouts/application (0.8ms)
Completed 200 OK in 21ms (Views: 20.1ms)


Started GET "/vi/static_pages/home" for 127.0.0.1 at 2018-02-05 09:21:35 +0700
Processing by StaticPagesController#home as HTML
  Parameters: {"locale"=>"vi"}
  Rendering static_pages/home.html.erb within layouts/application
  Rendered static_pages/home.html.erb within layouts/application (0.9ms)
Completed 200 OK in 22ms (Views: 20.5ms)


Started GET "/vi/static_pages/home" for 127.0.0.1 at 2018-02-05 09:21:36 +0700
Processing by StaticPagesController#home as HTML
  Parameters: {"locale"=>"vi"}
  Rendering static_pages/home.html.erb within layouts/application
  Rendered static_pages/home.html.erb within layouts/application (1.0ms)
Completed 200 OK in 20ms (Views: 19.0ms)


Started GET "/vi/static_pages/home" for 127.0.0.1 at 2018-02-05 09:24:01 +0700
Processing by StaticPagesController#home as HTML
  Parameters: {"locale"=>"vi"}
  Rendering static_pages/home.html.erb within layouts/application
  Rendered static_pages/home.html.erb within layouts/application (2.4ms)
Completed 200 OK in 28ms (Views: 21.5ms)


Started GET "/vi/static_pages/home" for 127.0.0.1 at 2018-02-05 09:38:35 +0700
Processing by StaticPagesController#home as HTML
  Parameters: {"locale"=>"vi"}
  Rendering static_pages/home.html.erb within layouts/application
  Rendered static_pages/home.html.erb within layouts/application (1.6ms)
Completed 200 OK in 413ms (Views: 224.0ms)


Started GET "/" for 127.0.0.1 at 2018-02-05 09:38:37 +0700
Processing by StaticPagesController#home as HTML
  Rendering static_pages/home.html.erb within layouts/application
  Rendered static_pages/home.html.erb within layouts/application (1.6ms)
Completed 200 OK in 29ms (Views: 27.1ms)


Started GET "/en/static_pages/home" for 127.0.0.1 at 2018-02-05 09:38:41 +0700
Processing by StaticPagesController#home as HTML
  Parameters: {"locale"=>"en"}
  Rendering static_pages/home.html.erb within layouts/application
  Rendered static_pages/home.html.erb within layouts/application (1.8ms)
Completed 200 OK in 42ms (Views: 39.7ms)


Started GET "/" for 127.0.0.1 at 2018-02-05 15:45:06 +0700
Processing by StaticPagesController#home as HTML
  Rendering static_pages/home.html.erb within layouts/application
  Rendered static_pages/home.html.erb within layouts/application (2.0ms)
Completed 200 OK in 402ms (Views: 220.5ms)


Started GET "/" for 127.0.0.1 at 2018-02-05 15:45:27 +0700
Processing by StaticPagesController#home as HTML
  Rendering static_pages/home.html.erb within layouts/application
  Rendered static_pages/home.html.erb within layouts/application (1.1ms)
Completed 200 OK in 22ms (Views: 19.6ms)


Started GET "/vi/static_pages/home" for 127.0.0.1 at 2018-02-05 15:45:31 +0700
Processing by StaticPagesController#home as HTML
  Parameters: {"locale"=>"vi"}
  Rendering static_pages/home.html.erb within layouts/application
  Rendered static_pages/home.html.erb within layouts/application (1.3ms)
Completed 200 OK in 29ms (Views: 28.2ms)


Started GET "/en/static_pages/home" for 127.0.0.1 at 2018-02-05 15:45:33 +0700
Processing by StaticPagesController#home as HTML
  Parameters: {"locale"=>"en"}
  Rendering static_pages/home.html.erb within layouts/application
  Rendered static_pages/home.html.erb within layouts/application (1.6ms)
Completed 200 OK in 42ms (Views: 39.8ms)


Started GET "/vi/static_pages/home" for 127.0.0.1 at 2018-02-05 15:45:34 +0700
Processing by StaticPagesController#home as HTML
  Parameters: {"locale"=>"vi"}
  Rendering static_pages/home.html.erb within layouts/application
  Rendered static_pages/home.html.erb within layouts/application (1.4ms)
Completed 200 OK in 36ms (Views: 33.8ms)


Started GET "/en/static_pages/home" for 127.0.0.1 at 2018-02-05 15:45:35 +0700
Processing by StaticPagesController#home as HTML
  Parameters: {"locale"=>"en"}
  Rendering static_pages/home.html.erb within layouts/application
  Rendered static_pages/home.html.erb within layouts/application (1.0ms)
Completed 200 OK in 29ms (Views: 26.6ms)


Started GET "/vi/static_pages/home" for 127.0.0.1 at 2018-02-05 15:45:35 +0700
Processing by StaticPagesController#home as HTML
  Parameters: {"locale"=>"vi"}
  Rendering static_pages/home.html.erb within layouts/application
  Rendered static_pages/home.html.erb within layouts/application (1.1ms)
Completed 200 OK in 30ms (Views: 28.8ms)


Started GET "/en/static_pages/home" for 127.0.0.1 at 2018-02-05 15:45:36 +0700
Processing by StaticPagesController#home as HTML
  Parameters: {"locale"=>"en"}
  Rendering static_pages/home.html.erb within layouts/application
  Rendered static_pages/home.html.erb within layouts/application (1.3ms)
Completed 200 OK in 33ms (Views: 31.0ms)


Started GET "/vi/static_pages/home" for 127.0.0.1 at 2018-02-05 15:45:37 +0700
Processing by StaticPagesController#home as HTML
  Parameters: {"locale"=>"vi"}
  Rendering static_pages/home.html.erb within layouts/application
  Rendered static_pages/home.html.erb within layouts/application (1.9ms)
Completed 200 OK in 37ms (Views: 35.1ms)


Started GET "/en/static_pages/home" for 127.0.0.1 at 2018-02-05 15:45:37 +0700
Processing by StaticPagesController#home as HTML
  Parameters: {"locale"=>"en"}
  Rendering static_pages/home.html.erb within layouts/application
  Rendered static_pages/home.html.erb within layouts/application (1.2ms)
Completed 200 OK in 53ms (Views: 51.0ms)


Started GET "/vi/static_pages/home" for 127.0.0.1 at 2018-02-05 15:45:37 +0700
Processing by StaticPagesController#home as HTML
  Parameters: {"locale"=>"vi"}
  Rendering static_pages/home.html.erb within layouts/application
  Rendered static_pages/home.html.erb within layouts/application (1.4ms)
Completed 200 OK in 28ms (Views: 26.7ms)


Started GET "/en/static_pages/home" for 127.0.0.1 at 2018-02-05 15:45:38 +0700
Processing by StaticPagesController#home as HTML
  Parameters: {"locale"=>"en"}
  Rendering static_pages/home.html.erb within layouts/application
  Rendered static_pages/home.html.erb within layouts/application (1.0ms)
Completed 200 OK in 22ms (Views: 19.7ms)


Started GET "/vi/static_pages/home" for 127.0.0.1 at 2018-02-05 15:45:38 +0700
Processing by StaticPagesController#home as HTML
  Parameters: {"locale"=>"vi"}
  Rendering static_pages/home.html.erb within layouts/application
  Rendered static_pages/home.html.erb within layouts/application (1.1ms)
Completed 200 OK in 22ms (Views: 20.9ms)


Started GET "/en/static_pages/home" for 127.0.0.1 at 2018-02-05 15:45:39 +0700
Processing by StaticPagesController#home as HTML
  Parameters: {"locale"=>"en"}
  Rendering static_pages/home.html.erb within layouts/application
  Rendered static_pages/home.html.erb within layouts/application (1.3ms)
Completed 200 OK in 27ms (Views: 24.6ms)


Started GET "/vi/static_pages/home" for 127.0.0.1 at 2018-02-05 15:45:39 +0700
Processing by StaticPagesController#home as HTML
  Parameters: {"locale"=>"vi"}
  Rendering static_pages/home.html.erb within layouts/application
  Rendered static_pages/home.html.erb within layouts/application (1.2ms)
Completed 200 OK in 26ms (Views: 24.5ms)


Started GET "/vi/static_pages/home" for 127.0.0.1 at 2018-02-05 15:45:44 +0700
Processing by StaticPagesController#home as HTML
  Parameters: {"locale"=>"vi"}
  Rendering static_pages/home.html.erb within layouts/application
  Rendered static_pages/home.html.erb within layouts/application (1.4ms)
Completed 200 OK in 26ms (Views: 24.4ms)


Started GET "/vi/static_pages/home" for 127.0.0.1 at 2018-02-05 15:45:44 +0700
Processing by StaticPagesController#home as HTML
  Parameters: {"locale"=>"vi"}
  Rendering static_pages/home.html.erb within layouts/application
  Rendered static_pages/home.html.erb within layouts/application (1.1ms)
Completed 200 OK in 25ms (Views: 23.3ms)


Started GET "/vi/static_pages/home" for 127.0.0.1 at 2018-02-05 15:45:45 +0700
Processing by StaticPagesController#home as HTML
  Parameters: {"locale"=>"vi"}
  Rendering static_pages/home.html.erb within layouts/application
  Rendered static_pages/home.html.erb within layouts/application (0.9ms)
Completed 200 OK in 23ms (Views: 22.0ms)


Started GET "/vi/static_pages/home" for 127.0.0.1 at 2018-02-05 15:45:46 +0700
Processing by StaticPagesController#home as HTML
  Parameters: {"locale"=>"vi"}
  Rendering static_pages/home.html.erb within layouts/application
  Rendered static_pages/home.html.erb within layouts/application (1.3ms)
Completed 200 OK in 27ms (Views: 25.1ms)


Started GET "/vi/static_pages/home" for 127.0.0.1 at 2018-02-05 15:45:46 +0700
Processing by StaticPagesController#home as HTML
  Parameters: {"locale"=>"vi"}
  Rendering static_pages/home.html.erb within layouts/application
  Rendered static_pages/home.html.erb within layouts/application (1.4ms)
Completed 200 OK in 29ms (Views: 27.3ms)


Started GET "/en/static_pages/home" for 127.0.0.1 at 2018-02-05 15:45:47 +0700
Processing by StaticPagesController#home as HTML
  Parameters: {"locale"=>"en"}
  Rendering static_pages/home.html.erb within layouts/application
  Rendered static_pages/home.html.erb within layouts/application (1.3ms)
Completed 200 OK in 24ms (Views: 22.8ms)


Started GET "/vi/static_pages/home" for 127.0.0.1 at 2018-02-05 15:45:48 +0700
Processing by StaticPagesController#home as HTML
  Parameters: {"locale"=>"vi"}
  Rendering static_pages/home.html.erb within layouts/application
  Rendered static_pages/home.html.erb within layouts/application (1.5ms)
Completed 200 OK in 25ms (Views: 23.9ms)


Started GET "/en/static_pages/home" for 127.0.0.1 at 2018-02-05 15:45:50 +0700
Processing by StaticPagesController#home as HTML
  Parameters: {"locale"=>"en"}
  Rendering static_pages/home.html.erb within layouts/application
  Rendered static_pages/home.html.erb within layouts/application (1.4ms)
Completed 200 OK in 37ms (Views: 35.4ms)


Started GET "/" for 127.0.0.1 at 2018-02-06 13:12:09 +0700
Processing by StaticPagesController#home as HTML
  Rendering static_pages/home.html.erb within layouts/application
  Rendered static_pages/home.html.erb within layouts/application (4.0ms)
Completed 200 OK in 606ms (Views: 296.5ms)


Started GET "/" for 127.0.0.1 at 2018-02-06 13:15:08 +0700
Processing by StaticPagesController#home as HTML
  Rendering static_pages/home.html.erb within layouts/application
  Rendered static_pages/home.html.erb within layouts/application (3.0ms)
Completed 200 OK in 682ms (Views: 442.9ms)


Started GET "/static_pages/help" for 127.0.0.1 at 2018-02-06 13:16:07 +0700
Processing by StaticPagesController#help as HTML
  Rendering static_pages/help.html.erb within layouts/application
  Rendered static_pages/help.html.erb within layouts/application (1.0ms)
Completed 200 OK in 20ms (Views: 18.3ms)


Started GET "/static_pages/help" for 127.0.0.1 at 2018-02-06 13:19:21 +0700
Processing by StaticPagesController#help as HTML
  Rendering static_pages/help.html.erb within layouts/application
  Rendered static_pages/help.html.erb within layouts/application (1.5ms)
Completed 200 OK in 20ms (Views: 18.5ms)


Started GET "/static_pages/help" for 127.0.0.1 at 2018-02-06 13:19:35 +0700
Processing by StaticPagesController#help as HTML
  Rendering static_pages/help.html.erb within layouts/application
  Rendered static_pages/help.html.erb within layouts/application (1.7ms)
Completed 200 OK in 18ms (Views: 16.9ms)


Started GET "/" for 127.0.0.1 at 2018-02-06 13:19:39 +0700
Processing by StaticPagesController#home as HTML
  Rendering static_pages/home.html.erb within layouts/application
  Rendered static_pages/home.html.erb within layouts/application (0.8ms)
Completed 200 OK in 18ms (Views: 17.1ms)


Started GET "/" for 127.0.0.1 at 2018-02-06 13:19:53 +0700
Processing by StaticPagesController#home as HTML
  Rendering static_pages/home.html.erb within layouts/application
  Rendered static_pages/home.html.erb within layouts/application (1.3ms)
Completed 200 OK in 22ms (Views: 19.7ms)


Started GET "/" for 127.0.0.1 at 2018-02-06 13:27:12 +0700
Processing by StaticPagesController#home as HTML
  Rendering static_pages/home.html.erb within layouts/application
  Rendered static_pages/home.html.erb within layouts/application (3.3ms)
Completed 200 OK in 460ms (Views: 269.8ms)


Started GET "/static_pages/help" for 127.0.0.1 at 2018-02-06 13:27:17 +0700
Processing by StaticPagesController#help as HTML
  Rendering static_pages/help.html.erb within layouts/application
  Rendered static_pages/help.html.erb within layouts/application (1.2ms)
Completed 200 OK in 37ms (Views: 35.4ms)


Started GET "/en/static_pages/help" for 127.0.0.1 at 2018-02-06 13:27:23 +0700
Processing by StaticPagesController#help as HTML
  Parameters: {"locale"=>"en"}
  Rendering static_pages/help.html.erb within layouts/application
  Rendered static_pages/help.html.erb within layouts/application (5.0ms)
Completed 200 OK in 45ms (Views: 42.8ms)


Started GET "/vi/static_pages/help" for 127.0.0.1 at 2018-02-06 13:27:25 +0700
Processing by StaticPagesController#help as HTML
  Parameters: {"locale"=>"vi"}
  Rendering static_pages/help.html.erb within layouts/application
  Rendered static_pages/help.html.erb within layouts/application (1.4ms)
Completed 200 OK in 20ms (Views: 18.6ms)


Started GET "/vi/static_pages/home" for 127.0.0.1 at 2018-02-06 13:27:29 +0700
Processing by StaticPagesController#home as HTML
  Parameters: {"locale"=>"vi"}
  Rendering static_pages/home.html.erb within layouts/application
  Rendered static_pages/home.html.erb within layouts/application (0.8ms)
Completed 200 OK in 17ms (Views: 16.2ms)


Started GET "/en/static_pages/home" for 127.0.0.1 at 2018-02-06 13:27:32 +0700
Processing by StaticPagesController#home as HTML
  Parameters: {"locale"=>"en"}
  Rendering static_pages/home.html.erb within layouts/application
  Rendered static_pages/home.html.erb within layouts/application (0.9ms)
Completed 200 OK in 18ms (Views: 16.8ms)


Started GET "/en/static_pages/about" for 127.0.0.1 at 2018-02-06 13:27:39 +0700
Processing by StaticPagesController#about as HTML
  Parameters: {"locale"=>"en"}
  Rendering static_pages/about.html.erb within layouts/application
  Rendered static_pages/about.html.erb within layouts/application (1.4ms)
Completed 200 OK in 19ms (Views: 17.7ms)


Started GET "/vi/static_pages/about" for 127.0.0.1 at 2018-02-06 13:27:41 +0700
Processing by StaticPagesController#about as HTML
  Parameters: {"locale"=>"vi"}
  Rendering static_pages/about.html.erb within layouts/application
  Rendered static_pages/about.html.erb within layouts/application (1.7ms)
Completed 200 OK in 29ms (Views: 27.2ms)


Started GET "/vi/static_pages/contact" for 127.0.0.1 at 2018-02-06 13:27:47 +0700
Processing by StaticPagesController#contact as HTML
  Parameters: {"locale"=>"vi"}
  Rendering static_pages/contact.html.erb within layouts/application
  Rendered static_pages/contact.html.erb within layouts/application (1.4ms)
Completed 200 OK in 21ms (Views: 19.5ms)


Started GET "/en/static_pages/contact" for 127.0.0.1 at 2018-02-06 13:27:48 +0700
Processing by StaticPagesController#contact as HTML
  Parameters: {"locale"=>"en"}
  Rendering static_pages/contact.html.erb within layouts/application
  Rendered static_pages/contact.html.erb within layouts/application (1.2ms)
Completed 200 OK in 26ms (Views: 24.1ms)


Started GET "/" for 127.0.0.1 at 2018-02-06 14:07:43 +0700

SyntaxError - syntax error, unexpected ':', expecting keyword_end
page_title.empty? @base_title: page_title + " | " + @base_ti
                              ^:
  app/helpers/application_helper.rb:9:in `'
  app/controllers/application_controller.rb:1:in `<top (required)>'
  app/controllers/static_pages_controller.rb:1:in `<top (required)>'

Started POST "/__better_errors/f1078aadf5874464/variables" for 127.0.0.1 at 2018-02-06 14:07:43 +0700
Started GET "/" for 127.0.0.1 at 2018-02-06 14:08:22 +0700

SyntaxError - syntax error, unexpected ':', expecting keyword_end
page_title.empty?@base_title : page_title + " | " + @base_ti
                              ^:
  app/helpers/application_helper.rb:9:in `'
  app/controllers/application_controller.rb:1:in `<top (required)>'
  app/controllers/static_pages_controller.rb:1:in `<top (required)>'

Started POST "/__better_errors/2ab57be691bdf7eb/variables" for 127.0.0.1 at 2018-02-06 14:08:22 +0700
Started POST "/__better_errors/2ab57be691bdf7eb/variables" for 127.0.0.1 at 2018-02-06 14:08:25 +0700
Started POST "/__better_errors/2ab57be691bdf7eb/variables" for 127.0.0.1 at 2018-02-06 14:08:27 +0700
Started GET "/" for 127.0.0.1 at 2018-02-06 14:09:06 +0700
Processing by StaticPagesController#home as HTML
  Rendering static_pages/home.html.erb within layouts/application
  Rendered static_pages/home.html.erb within layouts/application (1.8ms)
Completed 500 Internal Server Error in 332ms



NoMethodError - undefined method `empty' for "Trang chủ":ActiveSupport::SafeBuffer
Did you mean?  empty?:
  app/helpers/application_helper.rb:9:in `full_title'
  app/views/layouts/application.html.erb:4:in `_app_views_layouts_application_html_erb___597565748591836690_32568180'

Started POST "/__better_errors/ffbc78a525286f03/variables" for 127.0.0.1 at 2018-02-06 14:09:07 +0700
Started GET "/" for 127.0.0.1 at 2018-02-06 14:10:07 +0700

SyntaxError - syntax error, unexpected end-of-input, expecting keyword_end:
  app/helpers/application_helper.rb:11:in `'
  app/controllers/application_controller.rb:1:in `<top (required)>'
  app/controllers/static_pages_controller.rb:1:in `<top (required)>'

Started POST "/__better_errors/c4204b81435bce62/variables" for 127.0.0.1 at 2018-02-06 14:10:07 +0700
Started GET "/" for 127.0.0.1 at 2018-02-06 14:10:55 +0700

SyntaxError - syntax error, unexpected end-of-input, expecting keyword_end:
  app/helpers/application_helper.rb:11:in `'
  app/controllers/application_controller.rb:1:in `<top (required)>'
  app/controllers/static_pages_controller.rb:1:in `<top (required)>'

Started POST "/__better_errors/ea64ba6e7df485df/variables" for 127.0.0.1 at 2018-02-06 14:10:55 +0700
Started GET "/" for 127.0.0.1 at 2018-02-06 14:11:03 +0700
Processing by StaticPagesController#home as HTML
  Rendering static_pages/home.html.erb within layouts/application
  Rendered static_pages/home.html.erb within layouts/application (1.0ms)
Completed 500 Internal Server Error in 10ms



NoMethodError - undefined method `empty' for "Trang chủ":ActiveSupport::SafeBuffer
Did you mean?  empty?:
  app/helpers/application_helper.rb:9:in `full_title'
  app/views/layouts/application.html.erb:4:in `_app_views_layouts_application_html_erb___597565748591836690_30937740'

Started POST "/__better_errors/854816b3ddd963e0/variables" for 127.0.0.1 at 2018-02-06 14:11:03 +0700
Started GET "/" for 127.0.0.1 at 2018-02-06 14:11:39 +0700
Processing by StaticPagesController#home as HTML
  Rendering static_pages/home.html.erb within layouts/application
  Rendered static_pages/home.html.erb within layouts/application (1.1ms)
Completed 200 OK in 230ms (Views: 228.3ms)


Started GET "/static_pages/help" for 127.0.0.1 at 2018-02-06 14:12:51 +0700
Processing by StaticPagesController#help as HTML
  Rendering static_pages/help.html.erb within layouts/application
  Rendered static_pages/help.html.erb within layouts/application (1.2ms)
Completed 200 OK in 19ms (Views: 17.6ms)


Started GET "/en/static_pages/help" for 127.0.0.1 at 2018-02-06 14:12:54 +0700
Processing by StaticPagesController#help as HTML
  Parameters: {"locale"=>"en"}
  Rendering static_pages/help.html.erb within layouts/application
  Rendered static_pages/help.html.erb within layouts/application (1.0ms)
Completed 200 OK in 32ms (Views: 29.9ms)


Started GET "/en/static_pages/home" for 127.0.0.1 at 2018-02-06 14:19:24 +0700
Processing by StaticPagesController#home as HTML
  Parameters: {"locale"=>"en"}
  Rendering static_pages/home.html.erb within layouts/application
  Rendered static_pages/home.html.erb within layouts/application (1.6ms)
Completed 200 OK in 489ms (Views: 290.3ms)


Started GET "/vi/static_pages/home" for 127.0.0.1 at 2018-02-06 14:19:28 +0700
Processing by StaticPagesController#home as HTML
  Parameters: {"locale"=>"vi"}
  Rendering static_pages/home.html.erb within layouts/application
  Rendered static_pages/home.html.erb within layouts/application (1.2ms)
Completed 200 OK in 26ms (Views: 24.5ms)


Started GET "/vi/static_pages/home" for 127.0.0.1 at 2018-02-06 14:23:17 +0700
Processing by StaticPagesController#home as HTML
  Parameters: {"locale"=>"vi"}
  Rendering static_pages/home.html.erb within layouts/application
  Rendered static_pages/home.html.erb within layouts/application (1.3ms)
Completed 200 OK in 32ms (Views: 29.3ms)


Started GET "/vi/static_pages/home" for 127.0.0.1 at 2018-02-06 14:23:41 +0700
Processing by StaticPagesController#home as HTML
  Parameters: {"locale"=>"vi"}
  Rendering static_pages/home.html.erb within layouts/application
  Rendered static_pages/home.html.erb within layouts/application (1.1ms)
Completed 200 OK in 26ms (Views: 24.5ms)


Started GET "/vi/static_pages/home" for 127.0.0.1 at 2018-02-06 14:23:42 +0700
Processing by StaticPagesController#home as HTML
  Parameters: {"locale"=>"vi"}
  Rendering static_pages/home.html.erb within layouts/application
  Rendered static_pages/home.html.erb within layouts/application (1.1ms)
Completed 200 OK in 27ms (Views: 25.2ms)


Started GET "/vi/static_pages/home" for 127.0.0.1 at 2018-02-06 14:23:42 +0700
Processing by StaticPagesController#home as HTML
  Parameters: {"locale"=>"vi"}
  Rendering static_pages/home.html.erb within layouts/application
  Rendered static_pages/home.html.erb within layouts/application (1.4ms)
Completed 200 OK in 34ms (Views: 32.2ms)


Started GET "/vi/static_pages/home" for 127.0.0.1 at 2018-02-06 14:23:43 +0700
Processing by StaticPagesController#home as HTML
  Parameters: {"locale"=>"vi"}
  Rendering static_pages/home.html.erb within layouts/application
  Rendered static_pages/home.html.erb within layouts/application (2.7ms)
Completed 200 OK in 46ms (Views: 44.2ms)


Started GET "/" for 127.0.0.1 at 2018-02-06 14:23:47 +0700
Processing by StaticPagesController#home as HTML
  Rendering static_pages/home.html.erb within layouts/application
  Rendered static_pages/home.html.erb within layouts/application (0.9ms)
Completed 200 OK in 37ms (Views: 19.1ms)


Started GET "/" for 127.0.0.1 at 2018-02-06 14:24:14 +0700
Processing by StaticPagesController#home as HTML
  Rendering static_pages/home.html.erb within layouts/application
  Rendered static_pages/home.html.erb within layouts/application (1.0ms)
Completed 200 OK in 24ms (Views: 21.3ms)


